<?xml version="1.0" encoding="UTF-8"?>
<!-- Generated by org.testng.reporters.JUnitReportReporter -->
<testsuite skipped="1" hostname="shgarlap-lap2" name="com.testbase.DataDrivenTest" tests="1" failures="0" timestamp="21 Feb 2018 08:48:08 GMT" time="0.000" errors="0">
  <testcase name="testcase123" time="0.000" classname="com.testbase.DataDrivenTest">
    <skipped/>
  </testcase> <!-- testcase123 -->
</testsuite> <!-- com.testbase.DataDrivenTest -->
